[debug] [2021-07-06T12:15:11.793Z] ----------------------------------------------------------------------
[debug] [2021-07-06T12:15:11.795Z] Command:       /usr/local/bin/node /usr/local/bin/firebase deploy --only functions
[debug] [2021-07-06T12:15:11.795Z] CLI Version:   9.13.1
[debug] [2021-07-06T12:15:11.795Z] Platform:      linux
[debug] [2021-07-06T12:15:11.795Z] Node Version:  v14.17.1
[debug] [2021-07-06T12:15:11.795Z] Time:          Tue Jul 06 2021 15:15:11 GMT+0300 (Eastern European Summer Time)
[debug] [2021-07-06T12:15:11.796Z] ----------------------------------------------------------------------
[debug] 
[debug] [2021-07-06T12:15:11.803Z] > command requires scopes: ["email","openid","https://www.googleapis.com/auth/cloudplatformprojects.readonly","https://www.googleapis.com/auth/firebase","https://www.googleapis.com/auth/cloud-platform"]
[debug] [2021-07-06T12:15:11.803Z] > authorizing via signed-in user (n.fishbakh.dev@gmail.com)
[debug] [2021-07-06T12:15:11.803Z] [iam] checking project bloom-dating for permissions ["cloudfunctions.functions.create","cloudfunctions.functions.delete","cloudfunctions.functions.get","cloudfunctions.functions.list","cloudfunctions.functions.update","cloudfunctions.operations.get","firebase.projects.get"]
[debug] [2021-07-06T12:15:11.805Z] > refreshing access token with scopes: ["email","https://www.googleapis.com/auth/cloud-platform","https://www.googleapis.com/auth/cloudplatformprojects.readonly","https://www.googleapis.com/auth/firebase","openid"]
[debug] [2021-07-06T12:15:11.805Z] >>> HTTP REQUEST POST https://www.googleapis.com/oauth2/v3/token  
 <request body omitted>
[debug] [2021-07-06T12:15:11.989Z] <<< HTTP RESPONSE 200 {"expires":"Mon, 01 Jan 1990 00:00:00 GMT","pragma":"no-cache","cache-control":"no-cache, no-store, max-age=0, must-revalidate","date":"Tue, 06 Jul 2021 12:15:11 GMT","content-type":"application/json; charset=utf-8","vary":"X-Origin, Referer, Origin,Accept-Encoding","server":"scaffolding on HTTPServer2","x-xss-protection":"0","x-frame-options":"SAMEORIGIN","x-content-type-options":"nosniff","alt-svc":"h3=\":443\"; ma=2592000,h3-29=\":443\"; ma=2592000,h3-T051=\":443\"; ma=2592000,h3-Q050=\":443\"; ma=2592000,h3-Q046=\":443\"; ma=2592000,h3-Q043=\":443\"; ma=2592000,quic=\":443\"; ma=2592000; v=\"46,43\"","accept-ranges":"none","transfer-encoding":"chunked"}
[debug] [2021-07-06T12:15:11.999Z] >>> HTTP REQUEST POST https://cloudresourcemanager.googleapis.com/v1/projects/bloom-dating:testIamPermissions  
 {"permissions":["cloudfunctions.functions.create","cloudfunctions.functions.delete","cloudfunctions.functions.get","cloudfunctions.functions.list","cloudfunctions.functions.update","cloudfunctions.operations.get","firebase.projects.get"]}
[debug] [2021-07-06T12:15:12.821Z] <<< HTTP RESPONSE 200 {"content-type":"application/json; charset=UTF-8","vary":"X-Origin, Referer, Origin,Accept-Encoding","date":"Tue, 06 Jul 2021 12:15:12 GMT","server":"ESF","cache-control":"private","x-xss-protection":"0","x-frame-options":"SAMEORIGIN","x-content-type-options":"nosniff","server-timing":"gfet4t7; dur=678","alt-svc":"h3=\":443\"; ma=2592000,h3-29=\":443\"; ma=2592000,h3-T051=\":443\"; ma=2592000,h3-Q050=\":443\"; ma=2592000,h3-Q046=\":443\"; ma=2592000,h3-Q043=\":443\"; ma=2592000,quic=\":443\"; ma=2592000; v=\"46,43\"","accept-ranges":"none","transfer-encoding":"chunked"}
[debug] [2021-07-06T12:15:12.831Z] >>> HTTP REQUEST POST https://iam.googleapis.com/v1/projects/bloom-dating/serviceAccounts/bloom-dating@appspot.gserviceaccount.com:testIamPermissions  
 {"permissions":["iam.serviceAccounts.actAs"]}
[debug] [2021-07-06T12:15:13.639Z] <<< HTTP RESPONSE 200 {"content-type":"application/json; charset=UTF-8","vary":"X-Origin, Referer, Origin,Accept-Encoding","date":"Tue, 06 Jul 2021 12:15:13 GMT","server":"ESF","cache-control":"private","x-xss-protection":"0","x-frame-options":"SAMEORIGIN","x-content-type-options":"nosniff","alt-svc":"h3=\":443\"; ma=2592000,h3-29=\":443\"; ma=2592000,h3-T051=\":443\"; ma=2592000,h3-Q050=\":443\"; ma=2592000,h3-Q046=\":443\"; ma=2592000,h3-Q043=\":443\"; ma=2592000,quic=\":443\"; ma=2592000; v=\"46,43\"","accept-ranges":"none","transfer-encoding":"chunked"}
[info] 
[info] === Deploying to 'bloom-dating'...
[info] 
[info] i  deploying functions 
[info] Running command: npm --prefix "$RESOURCE_DIR" run build
[info] ✔  functions: Finished running predeploy script. 
[debug] [2021-07-06T12:15:19.540Z] Validating nodejs source
[debug] [2021-07-06T12:15:20.567Z] > [functions] package.json contents: {
  "name": "functions",
  "scripts": {
    "build": "tsc",
    "serve": "npm run build && firebase emulators:start --only functions",
    "shell": "npm run build && firebase functions:shell",
    "start": "npm run shell",
    "deploy": "firebase deploy --only functions",
    "logs": "firebase functions:log"
  },
  "engines": {
    "node": "14"
  },
  "main": "lib/index.js",
  "dependencies": {
    "@types/luxon": "^1.27.0",
    "axios": "^0.21.1",
    "cron-parser": "^3.5.0",
    "dayjs": "^1.10.5",
    "firebase": "^8.6.8",
    "firebase-admin": "^9.8.0",
    "firebase-functions": "^3.14.1",
    "luxon": "^1.27.0"
  },
  "devDependencies": {
    "firebase-functions-test": "^0.2.0",
    "typescript": "^3.8.0"
  },
  "private": true
}
[debug] [2021-07-06T12:15:20.567Z] Building nodejs source
[info] i  functions: ensuring required API cloudfunctions.googleapis.com is enabled... 
[info] i  functions: ensuring required API cloudbuild.googleapis.com is enabled... 
[debug] [2021-07-06T12:15:20.569Z] >>> HTTP REQUEST GET https://serviceusage.googleapis.com/v1/projects/bloom-dating/services/cloudfunctions.googleapis.com  
 
[debug] [2021-07-06T12:15:20.569Z] >>> HTTP REQUEST GET https://serviceusage.googleapis.com/v1/projects/bloom-dating/services/runtimeconfig.googleapis.com  
 
[debug] [2021-07-06T12:15:20.570Z] >>> HTTP REQUEST GET https://serviceusage.googleapis.com/v1/projects/bloom-dating/services/cloudbuild.googleapis.com  
 
[debug] [2021-07-06T12:15:21.571Z] <<< HTTP RESPONSE 200 {"content-type":"application/json; charset=UTF-8","vary":"X-Origin, Referer, Origin,Accept-Encoding","date":"Tue, 06 Jul 2021 12:15:21 GMT","server":"ESF","cache-control":"private","x-xss-protection":"0","x-frame-options":"SAMEORIGIN","x-content-type-options":"nosniff","alt-svc":"h3=\":443\"; ma=2592000,h3-29=\":443\"; ma=2592000,h3-T051=\":443\"; ma=2592000,h3-Q050=\":443\"; ma=2592000,h3-Q046=\":443\"; ma=2592000,h3-Q043=\":443\"; ma=2592000,quic=\":443\"; ma=2592000; v=\"46,43\"","accept-ranges":"none","transfer-encoding":"chunked"}
[debug] [2021-07-06T12:15:21.639Z] <<< HTTP RESPONSE 200 {"content-type":"application/json; charset=UTF-8","vary":"X-Origin, Referer, Origin,Accept-Encoding","date":"Tue, 06 Jul 2021 12:15:21 GMT","server":"ESF","cache-control":"private","x-xss-protection":"0","x-frame-options":"SAMEORIGIN","x-content-type-options":"nosniff","alt-svc":"h3=\":443\"; ma=2592000,h3-29=\":443\"; ma=2592000,h3-T051=\":443\"; ma=2592000,h3-Q050=\":443\"; ma=2592000,h3-Q046=\":443\"; ma=2592000,h3-Q043=\":443\"; ma=2592000,quic=\":443\"; ma=2592000; v=\"46,43\"","accept-ranges":"none","transfer-encoding":"chunked"}
[info] ✔  functions: required API cloudbuild.googleapis.com is enabled 
[debug] [2021-07-06T12:15:21.663Z] <<< HTTP RESPONSE 200 {"content-type":"application/json; charset=UTF-8","vary":"X-Origin, Referer, Origin,Accept-Encoding","date":"Tue, 06 Jul 2021 12:15:21 GMT","server":"ESF","cache-control":"private","x-xss-protection":"0","x-frame-options":"SAMEORIGIN","x-content-type-options":"nosniff","alt-svc":"h3=\":443\"; ma=2592000,h3-29=\":443\"; ma=2592000,h3-T051=\":443\"; ma=2592000,h3-Q050=\":443\"; ma=2592000,h3-Q046=\":443\"; ma=2592000,h3-Q043=\":443\"; ma=2592000,quic=\":443\"; ma=2592000; v=\"46,43\"","accept-ranges":"none","transfer-encoding":"chunked"}
[info] ✔  functions: required API cloudfunctions.googleapis.com is enabled 
[debug] [2021-07-06T12:15:21.670Z] >>> HTTP REQUEST GET https://firebase.googleapis.com/v1beta1/projects/bloom-dating/adminSdkConfig  
 
[debug] [2021-07-06T12:15:22.097Z] <<< HTTP RESPONSE 200 {"content-type":"application/json; charset=UTF-8","vary":"X-Origin, Referer, Origin,Accept-Encoding","date":"Tue, 06 Jul 2021 12:15:22 GMT","server":"ESF","cache-control":"private","x-xss-protection":"0","x-frame-options":"SAMEORIGIN","x-content-type-options":"nosniff","alt-svc":"h3=\":443\"; ma=2592000,h3-29=\":443\"; ma=2592000,h3-T051=\":443\"; ma=2592000,h3-Q050=\":443\"; ma=2592000,h3-Q046=\":443\"; ma=2592000,h3-Q043=\":443\"; ma=2592000,quic=\":443\"; ma=2592000; v=\"46,43\"","accept-ranges":"none","transfer-encoding":"chunked"}
[debug] [2021-07-06T12:15:22.100Z] >>> HTTP REQUEST GET https://runtimeconfig.googleapis.com/v1beta1/projects/bloom-dating/configs  
 
[debug] [2021-07-06T12:15:22.437Z] <<< HTTP RESPONSE 200 {"content-type":"application/json; charset=UTF-8","vary":"X-Origin, Referer, Origin,Accept-Encoding","date":"Tue, 06 Jul 2021 12:15:22 GMT","server":"ESF","cache-control":"private","x-xss-protection":"0","x-frame-options":"SAMEORIGIN","x-content-type-options":"nosniff","alt-svc":"h3=\":443\"; ma=2592000,h3-29=\":443\"; ma=2592000,h3-T051=\":443\"; ma=2592000,h3-Q050=\":443\"; ma=2592000,h3-Q046=\":443\"; ma=2592000,h3-Q043=\":443\"; ma=2592000,quic=\":443\"; ma=2592000; v=\"46,43\"","accept-ranges":"none","transfer-encoding":"chunked"}
[debug] [2021-07-06T12:15:22.438Z] Analyzing nodejs backend spec
[info] i  functions: preparing functions directory for uploading... 
[info] i  functions: packaged functions (107.44 KB) for uploading 
[debug] [2021-07-06T12:15:22.915Z] >>> HTTP REQUEST GET https://cloudfunctions.googleapis.com/v1/projects/bloom-dating/locations/-/functions  
 
[debug] [2021-07-06T12:15:23.631Z] <<< HTTP RESPONSE 200 {"content-type":"application/json; charset=UTF-8","vary":"X-Origin, Referer, Origin,Accept-Encoding","date":"Tue, 06 Jul 2021 12:15:23 GMT","server":"ESF","cache-control":"private","x-xss-protection":"0","x-frame-options":"SAMEORIGIN","x-content-type-options":"nosniff","alt-svc":"h3=\":443\"; ma=2592000,h3-29=\":443\"; ma=2592000,h3-T051=\":443\"; ma=2592000,h3-Q050=\":443\"; ma=2592000,h3-Q046=\":443\"; ma=2592000,h3-Q043=\":443\"; ma=2592000,quic=\":443\"; ma=2592000; v=\"46,43\"","accept-ranges":"none","transfer-encoding":"chunked"}
[debug] [2021-07-06T12:15:23.637Z] >>> HTTP REQUEST POST https://cloudfunctions.googleapis.com/v1/projects/bloom-dating/locations/us-central1/functions:generateUploadUrl  
 
[debug] [2021-07-06T12:15:24.292Z] <<< HTTP RESPONSE 200 {"content-type":"application/json; charset=UTF-8","vary":"X-Origin, Referer, Origin,Accept-Encoding","date":"Tue, 06 Jul 2021 12:15:24 GMT","server":"ESF","cache-control":"private","x-xss-protection":"0","x-frame-options":"SAMEORIGIN","x-content-type-options":"nosniff","alt-svc":"h3=\":443\"; ma=2592000,h3-29=\":443\"; ma=2592000,h3-T051=\":443\"; ma=2592000,h3-Q050=\":443\"; ma=2592000,h3-Q046=\":443\"; ma=2592000,h3-Q043=\":443\"; ma=2592000,quic=\":443\"; ma=2592000; v=\"46,43\"","accept-ranges":"none","transfer-encoding":"chunked"}
[debug] [2021-07-06T12:15:24.296Z] >>> HTTP REQUEST PUT https://storage.googleapis.com/gcf-upload-us-central1-89457bef-f564-4011-9c68-058e2394d80f/7eaf09ed-1433-4987-b6d2-a7e8224cce23.zip?GoogleAccessId=service-671960082645@gcf-admin-robot.iam.gserviceaccount.com&Expires=1625575524&Signature=fMSAs%2BiFueatUa5EaptvM4%2BzS5jw5s40%2FNARlPUf4pkOjAE%2BujROFi1kheImN%2F0qpIKuOoH9vf4akMDq%2FEdxNRmObfNMjpQ7%2Fb04245VXEfSuJ8gV%2F6gHdL%2BA%2BzIC9OoYu0ooOQ5qHWrZLQ0qrjHVKN5Ff6hkl07YffeLpkjF%2Bhi7XTox4mZ5FxZs44teiKbqlhDpmKjMYznZNo5SvKC9Zo3l69ecFxWWXmYDoe92WJi0U%2Bp1UpYDyRgbQTBsChNHhoG%2By1aCjopOXdAdoUGrqZqOZ18Urc9Ru%2FDQb7FIZYQpOGvIydPRLHrKqmjEzKDbGnh6a36Qmvz%2BaqbLQ6ezw%3D%3D  
 <request body omitted>
[debug] [2021-07-06T12:15:24.966Z] <<< HTTP RESPONSE 200 {"x-guploader-uploadid":"ADPycdsr9JDZPo6xrEiS8v6vcfaFf358SGDERawjif1WOf2yCogrpGbV4QWfZscMubr8_q6KU5Lwr_heJE5x9JFWI-s","etag":"\"c8b670aa782cbd080463978eb7d1a084\"","x-goog-generation":"1625573724882308","x-goog-metageneration":"1","x-goog-hash":"crc32c=uUfUZg==, md5=yLZwqngsvQgEY5eOt9GghA==","x-goog-stored-content-length":"110023","x-goog-stored-content-encoding":"identity","vary":"Origin","content-length":"0","date":"Tue, 06 Jul 2021 12:15:24 GMT","server":"UploadServer","content-type":"text/html; charset=UTF-8","alt-svc":"h3=\":443\"; ma=2592000,h3-29=\":443\"; ma=2592000,h3-T051=\":443\"; ma=2592000,h3-Q050=\":443\"; ma=2592000,h3-Q046=\":443\"; ma=2592000,h3-Q043=\":443\"; ma=2592000,quic=\":443\"; ma=2592000; v=\"46,43\""}
[info] ✔  functions: functions folder uploaded successfully 
[info] 
The following functions are found in your project but do not exist in your local source code:
	TEST_addProspects(us-central1)

If you are renaming a function or changing its region, it is recommended that you create the new function first before deleting the old one to prevent event loss. For more info, visit https://firebase.google.com/docs/functions/manage-functions#modify

[info] i  functions: updating Node.js 14 function getDateNightData(us-central1)... 
[debug] [2021-07-06T12:15:30.609Z] >>> HTTP REQUEST PATCH https://cloudfunctions.googleapis.com/v1/projects/bloom-dating/locations/us-central1/functions/getDateNightData {"updateMask":"name,sourceUploadUrl,entryPoint,runtime,httpsTrigger.securityLevel,labels,environmentVariables"} 
 {"name":"projects/bloom-dating/locations/us-central1/functions/getDateNightData","sourceUploadUrl":"https://storage.googleapis.com/gcf-upload-us-central1-89457bef-f564-4011-9c68-058e2394d80f/7eaf09ed-1433-4987-b6d2-a7e8224cce23.zip?GoogleAccessId=service-671960082645@gcf-admin-robot.iam.gserviceaccount.com&Expires=1625575524&Signature=fMSAs%2BiFueatUa5EaptvM4%2BzS5jw5s40%2FNARlPUf4pkOjAE%2BujROFi1kheImN%2F0qpIKuOoH9vf4akMDq%2FEdxNRmObfNMjpQ7%2Fb04245VXEfSuJ8gV%2F6gHdL%2BA%2BzIC9OoYu0ooOQ5qHWrZLQ0qrjHVKN5Ff6hkl07YffeLpkjF%2Bhi7XTox4mZ5FxZs44teiKbqlhDpmKjMYznZNo5SvKC9Zo3l69ecFxWWXmYDoe92WJi0U%2Bp1UpYDyRgbQTBsChNHhoG%2By1aCjopOXdAdoUGrqZqOZ18Urc9Ru%2FDQb7FIZYQpOGvIydPRLHrKqmjEzKDbGnh6a36Qmvz%2BaqbLQ6ezw%3D%3D","entryPoint":"getDateNightData","runtime":"nodejs14","httpsTrigger":{"securityLevel":"SECURE_OPTIONAL"},"labels":{"deployment-callable":"true","deployment-tool":"cli-firebase"},"environmentVariables":{"FIREBASE_CONFIG":"{\"projectId\":\"bloom-dating\",\"databaseURL\":\"https://bloom-dating.firebaseio.com\",\"storageBucket\":\"bloom-dating.appspot.com\",\"locationId\":\"us-central\"}"}}
[debug] [2021-07-06T12:15:31.326Z] <<< HTTP RESPONSE 200 {"content-type":"application/json; charset=UTF-8","vary":"X-Origin, Referer, Origin,Accept-Encoding","date":"Tue, 06 Jul 2021 12:15:31 GMT","server":"ESF","cache-control":"private","x-xss-protection":"0","x-frame-options":"SAMEORIGIN","x-content-type-options":"nosniff","alt-svc":"h3=\":443\"; ma=2592000,h3-29=\":443\"; ma=2592000,h3-T051=\":443\"; ma=2592000,h3-Q050=\":443\"; ma=2592000,h3-Q046=\":443\"; ma=2592000,h3-Q043=\":443\"; ma=2592000,quic=\":443\"; ma=2592000; v=\"46,43\"","accept-ranges":"none","transfer-encoding":"chunked"}
[debug] [2021-07-06T12:15:31.331Z] > refreshing access token with scopes: []
[debug] [2021-07-06T12:15:31.332Z] >>> HTTP REQUEST POST https://www.googleapis.com/oauth2/v3/token  
 <request body omitted>
[debug] [2021-07-06T12:15:31.491Z] <<< HTTP RESPONSE 200 {"expires":"Mon, 01 Jan 1990 00:00:00 GMT","cache-control":"no-cache, no-store, max-age=0, must-revalidate","date":"Tue, 06 Jul 2021 12:15:31 GMT","pragma":"no-cache","content-type":"application/json; charset=utf-8","vary":"X-Origin, Referer, Origin,Accept-Encoding","server":"scaffolding on HTTPServer2","x-xss-protection":"0","x-frame-options":"SAMEORIGIN","x-content-type-options":"nosniff","alt-svc":"h3=\":443\"; ma=2592000,h3-29=\":443\"; ma=2592000,h3-T051=\":443\"; ma=2592000,h3-Q050=\":443\"; ma=2592000,h3-Q046=\":443\"; ma=2592000,h3-Q043=\":443\"; ma=2592000,quic=\":443\"; ma=2592000; v=\"46,43\"","accept-ranges":"none","transfer-encoding":"chunked"}
[debug] [2021-07-06T12:15:31.510Z] >>> [apiv2][query] GET https://cloudfunctions.googleapis.com/v1/operations/Ymxvb20tZGF0aW5nL3VzLWNlbnRyYWwxL2dldERhdGVOaWdodERhdGEvVXZqVUtGVWlabFE [none]
[debug] [2021-07-06T12:15:31.814Z] <<< [apiv2][status] GET https://cloudfunctions.googleapis.com/v1/operations/Ymxvb20tZGF0aW5nL3VzLWNlbnRyYWwxL2dldERhdGVOaWdodERhdGEvVXZqVUtGVWlabFE 200
[debug] [2021-07-06T12:15:31.815Z] <<< [apiv2][body] GET https://cloudfunctions.googleapis.com/v1/operations/Ymxvb20tZGF0aW5nL3VzLWNlbnRyYWwxL2dldERhdGVOaWdodERhdGEvVXZqVUtGVWlabFE {"name":"operations/Ymxvb20tZGF0aW5nL3VzLWNlbnRyYWwxL2dldERhdGVOaWdodERhdGEvVXZqVUtGVWlabFE","metadata":{"@type":"type.googleapis.com/google.cloud.functions.v1.OperationMetadataV1","target":"projects/bloom-dating/locations/us-central1/functions/getDateNightData","type":"UPDATE_FUNCTION","request":{"@type":"type.googleapis.com/google.cloud.functions.v1.CloudFunction","name":"projects/bloom-dating/locations/us-central1/functions/getDateNightData","httpsTrigger":{"url":"https://us-central1-bloom-dating.cloudfunctions.net/getDateNightData","securityLevel":"SECURE_OPTIONAL"},"status":"ACTIVE","entryPoint":"getDateNightData","timeout":"60s","availableMemoryMb":256,"serviceAccountEmail":"bloom-dating@appspot.gserviceaccount.com","updateTime":"2021-07-06T09:16:54.667Z","versionId":"23","labels":{"deployment-callable":"true","deployment-tool":"cli-firebase"},"sourceUploadUrl":"https://storage.googleapis.com/gcf-upload-us-central1-89457bef-f564-4011-9c68-058e2394d80f/7eaf09ed-1433-4987-b6d2-a7e8224cce23.zip?GoogleAccessId=service-671960082645@gcf-admin-robot.iam.gserviceaccount.com&Expires=1625575524&Signature=fMSAs%2BiFueatUa5EaptvM4%2BzS5jw5s40%2FNARlPUf4pkOjAE%2BujROFi1kheImN%2F0qpIKuOoH9vf4akMDq%2FEdxNRmObfNMjpQ7%2Fb04245VXEfSuJ8gV%2F6gHdL%2BA%2BzIC9OoYu0ooOQ5qHWrZLQ0qrjHVKN5Ff6hkl07YffeLpkjF%2Bhi7XTox4mZ5FxZs44teiKbqlhDpmKjMYznZNo5SvKC9Zo3l69ecFxWWXmYDoe92WJi0U%2Bp1UpYDyRgbQTBsChNHhoG%2By1aCjopOXdAdoUGrqZqOZ18Urc9Ru%2FDQb7FIZYQpOGvIydPRLHrKqmjEzKDbGnh6a36Qmvz%2BaqbLQ6ezw%3D%3D","environmentVariables":{"FIREBASE_CONFIG":"{\"projectId\":\"bloom-dating\",\"databaseURL\":\"https://bloom-dating.firebaseio.com\",\"storageBucket\":\"bloom-dating.appspot.com\",\"locationId\":\"us-central\"}"},"runtime":"nodejs14","ingressSettings":"ALLOW_ALL","buildId":"53f2c8e4-ba59-4437-a388-d39d9bbe2756"},"versionId":"24","updateTime":"2021-07-06T12:15:31Z","buildName":"projects/671960082645/locations/us-central1/builds/53f2c8e4-ba59-4437-a388-d39d9bbe2756"}}
[debug] [2021-07-06T12:15:32.318Z] [update-projects/bloom-dating/locations/us-central1/functions/getDateNightData] Retrying task index 0
[debug] [2021-07-06T12:15:32.319Z] >>> [apiv2][query] GET https://cloudfunctions.googleapis.com/v1/operations/Ymxvb20tZGF0aW5nL3VzLWNlbnRyYWwxL2dldERhdGVOaWdodERhdGEvVXZqVUtGVWlabFE [none]
[debug] [2021-07-06T12:15:32.603Z] <<< [apiv2][status] GET https://cloudfunctions.googleapis.com/v1/operations/Ymxvb20tZGF0aW5nL3VzLWNlbnRyYWwxL2dldERhdGVOaWdodERhdGEvVXZqVUtGVWlabFE 200
[debug] [2021-07-06T12:15:32.608Z] <<< [apiv2][body] GET https://cloudfunctions.googleapis.com/v1/operations/Ymxvb20tZGF0aW5nL3VzLWNlbnRyYWwxL2dldERhdGVOaWdodERhdGEvVXZqVUtGVWlabFE {"name":"operations/Ymxvb20tZGF0aW5nL3VzLWNlbnRyYWwxL2dldERhdGVOaWdodERhdGEvVXZqVUtGVWlabFE","metadata":{"@type":"type.googleapis.com/google.cloud.functions.v1.OperationMetadataV1","target":"projects/bloom-dating/locations/us-central1/functions/getDateNightData","type":"UPDATE_FUNCTION","request":{"@type":"type.googleapis.com/google.cloud.functions.v1.CloudFunction","name":"projects/bloom-dating/locations/us-central1/functions/getDateNightData","httpsTrigger":{"url":"https://us-central1-bloom-dating.cloudfunctions.net/getDateNightData","securityLevel":"SECURE_OPTIONAL"},"status":"ACTIVE","entryPoint":"getDateNightData","timeout":"60s","availableMemoryMb":256,"serviceAccountEmail":"bloom-dating@appspot.gserviceaccount.com","updateTime":"2021-07-06T09:16:54.667Z","versionId":"23","labels":{"deployment-callable":"true","deployment-tool":"cli-firebase"},"sourceUploadUrl":"https://storage.googleapis.com/gcf-upload-us-central1-89457bef-f564-4011-9c68-058e2394d80f/7eaf09ed-1433-4987-b6d2-a7e8224cce23.zip?GoogleAccessId=service-671960082645@gcf-admin-robot.iam.gserviceaccount.com&Expires=1625575524&Signature=fMSAs%2BiFueatUa5EaptvM4%2BzS5jw5s40%2FNARlPUf4pkOjAE%2BujROFi1kheImN%2F0qpIKuOoH9vf4akMDq%2FEdxNRmObfNMjpQ7%2Fb04245VXEfSuJ8gV%2F6gHdL%2BA%2BzIC9OoYu0ooOQ5qHWrZLQ0qrjHVKN5Ff6hkl07YffeLpkjF%2Bhi7XTox4mZ5FxZs44teiKbqlhDpmKjMYznZNo5SvKC9Zo3l69ecFxWWXmYDoe92WJi0U%2Bp1UpYDyRgbQTBsChNHhoG%2By1aCjopOXdAdoUGrqZqOZ18Urc9Ru%2FDQb7FIZYQpOGvIydPRLHrKqmjEzKDbGnh6a36Qmvz%2BaqbLQ6ezw%3D%3D","environmentVariables":{"FIREBASE_CONFIG":"{\"projectId\":\"bloom-dating\",\"databaseURL\":\"https://bloom-dating.firebaseio.com\",\"storageBucket\":\"bloom-dating.appspot.com\",\"locationId\":\"us-central\"}"},"runtime":"nodejs14","ingressSettings":"ALLOW_ALL","buildId":"53f2c8e4-ba59-4437-a388-d39d9bbe2756"},"versionId":"24","updateTime":"2021-07-06T12:15:31Z","buildId":"5963cd95-e021-4e7b-a8a9-a73178f20857","buildName":"projects/671960082645/locations/us-central1/builds/5963cd95-e021-4e7b-a8a9-a73178f20857"}}
[debug] [2021-07-06T12:15:33.611Z] [update-projects/bloom-dating/locations/us-central1/functions/getDateNightData] Retrying task index 0
[debug] [2021-07-06T12:15:33.614Z] >>> [apiv2][query] GET https://cloudfunctions.googleapis.com/v1/operations/Ymxvb20tZGF0aW5nL3VzLWNlbnRyYWwxL2dldERhdGVOaWdodERhdGEvVXZqVUtGVWlabFE [none]
[debug] [2021-07-06T12:15:33.897Z] <<< [apiv2][status] GET https://cloudfunctions.googleapis.com/v1/operations/Ymxvb20tZGF0aW5nL3VzLWNlbnRyYWwxL2dldERhdGVOaWdodERhdGEvVXZqVUtGVWlabFE 200
[debug] [2021-07-06T12:15:33.897Z] <<< [apiv2][body] GET https://cloudfunctions.googleapis.com/v1/operations/Ymxvb20tZGF0aW5nL3VzLWNlbnRyYWwxL2dldERhdGVOaWdodERhdGEvVXZqVUtGVWlabFE {"name":"operations/Ymxvb20tZGF0aW5nL3VzLWNlbnRyYWwxL2dldERhdGVOaWdodERhdGEvVXZqVUtGVWlabFE","metadata":{"@type":"type.googleapis.com/google.cloud.functions.v1.OperationMetadataV1","target":"projects/bloom-dating/locations/us-central1/functions/getDateNightData","type":"UPDATE_FUNCTION","request":{"@type":"type.googleapis.com/google.cloud.functions.v1.CloudFunction","name":"projects/bloom-dating/locations/us-central1/functions/getDateNightData","httpsTrigger":{"url":"https://us-central1-bloom-dating.cloudfunctions.net/getDateNightData","securityLevel":"SECURE_OPTIONAL"},"status":"ACTIVE","entryPoint":"getDateNightData","timeout":"60s","availableMemoryMb":256,"serviceAccountEmail":"bloom-dating@appspot.gserviceaccount.com","updateTime":"2021-07-06T09:16:54.667Z","versionId":"23","labels":{"deployment-callable":"true","deployment-tool":"cli-firebase"},"sourceUploadUrl":"https://storage.googleapis.com/gcf-upload-us-central1-89457bef-f564-4011-9c68-058e2394d80f/7eaf09ed-1433-4987-b6d2-a7e8224cce23.zip?GoogleAccessId=service-671960082645@gcf-admin-robot.iam.gserviceaccount.com&Expires=1625575524&Signature=fMSAs%2BiFueatUa5EaptvM4%2BzS5jw5s40%2FNARlPUf4pkOjAE%2BujROFi1kheImN%2F0qpIKuOoH9vf4akMDq%2FEdxNRmObfNMjpQ7%2Fb04245VXEfSuJ8gV%2F6gHdL%2BA%2BzIC9OoYu0ooOQ5qHWrZLQ0qrjHVKN5Ff6hkl07YffeLpkjF%2Bhi7XTox4mZ5FxZs44teiKbqlhDpmKjMYznZNo5SvKC9Zo3l69ecFxWWXmYDoe92WJi0U%2Bp1UpYDyRgbQTBsChNHhoG%2By1aCjopOXdAdoUGrqZqOZ18Urc9Ru%2FDQb7FIZYQpOGvIydPRLHrKqmjEzKDbGnh6a36Qmvz%2BaqbLQ6ezw%3D%3D","environmentVariables":{"FIREBASE_CONFIG":"{\"projectId\":\"bloom-dating\",\"databaseURL\":\"https://bloom-dating.firebaseio.com\",\"storageBucket\":\"bloom-dating.appspot.com\",\"locationId\":\"us-central\"}"},"runtime":"nodejs14","ingressSettings":"ALLOW_ALL","buildId":"53f2c8e4-ba59-4437-a388-d39d9bbe2756"},"versionId":"24","updateTime":"2021-07-06T12:15:31Z","buildId":"5963cd95-e021-4e7b-a8a9-a73178f20857","buildName":"projects/671960082645/locations/us-central1/builds/5963cd95-e021-4e7b-a8a9-a73178f20857"}}
[debug] [2021-07-06T12:15:35.900Z] [update-projects/bloom-dating/locations/us-central1/functions/getDateNightData] Retrying task index 0
[debug] [2021-07-06T12:15:35.901Z] >>> [apiv2][query] GET https://cloudfunctions.googleapis.com/v1/operations/Ymxvb20tZGF0aW5nL3VzLWNlbnRyYWwxL2dldERhdGVOaWdodERhdGEvVXZqVUtGVWlabFE [none]
[debug] [2021-07-06T12:15:36.195Z] <<< [apiv2][status] GET https://cloudfunctions.googleapis.com/v1/operations/Ymxvb20tZGF0aW5nL3VzLWNlbnRyYWwxL2dldERhdGVOaWdodERhdGEvVXZqVUtGVWlabFE 200
[debug] [2021-07-06T12:15:36.196Z] <<< [apiv2][body] GET https://cloudfunctions.googleapis.com/v1/operations/Ymxvb20tZGF0aW5nL3VzLWNlbnRyYWwxL2dldERhdGVOaWdodERhdGEvVXZqVUtGVWlabFE {"name":"operations/Ymxvb20tZGF0aW5nL3VzLWNlbnRyYWwxL2dldERhdGVOaWdodERhdGEvVXZqVUtGVWlabFE","metadata":{"@type":"type.googleapis.com/google.cloud.functions.v1.OperationMetadataV1","target":"projects/bloom-dating/locations/us-central1/functions/getDateNightData","type":"UPDATE_FUNCTION","request":{"@type":"type.googleapis.com/google.cloud.functions.v1.CloudFunction","name":"projects/bloom-dating/locations/us-central1/functions/getDateNightData","httpsTrigger":{"url":"https://us-central1-bloom-dating.cloudfunctions.net/getDateNightData","securityLevel":"SECURE_OPTIONAL"},"status":"ACTIVE","entryPoint":"getDateNightData","timeout":"60s","availableMemoryMb":256,"serviceAccountEmail":"bloom-dating@appspot.gserviceaccount.com","updateTime":"2021-07-06T09:16:54.667Z","versionId":"23","labels":{"deployment-callable":"true","deployment-tool":"cli-firebase"},"sourceUploadUrl":"https://storage.googleapis.com/gcf-upload-us-central1-89457bef-f564-4011-9c68-058e2394d80f/7eaf09ed-1433-4987-b6d2-a7e8224cce23.zip?GoogleAccessId=service-671960082645@gcf-admin-robot.iam.gserviceaccount.com&Expires=1625575524&Signature=fMSAs%2BiFueatUa5EaptvM4%2BzS5jw5s40%2FNARlPUf4pkOjAE%2BujROFi1kheImN%2F0qpIKuOoH9vf4akMDq%2FEdxNRmObfNMjpQ7%2Fb04245VXEfSuJ8gV%2F6gHdL%2BA%2BzIC9OoYu0ooOQ5qHWrZLQ0qrjHVKN5Ff6hkl07YffeLpkjF%2Bhi7XTox4mZ5FxZs44teiKbqlhDpmKjMYznZNo5SvKC9Zo3l69ecFxWWXmYDoe92WJi0U%2Bp1UpYDyRgbQTBsChNHhoG%2By1aCjopOXdAdoUGrqZqOZ18Urc9Ru%2FDQb7FIZYQpOGvIydPRLHrKqmjEzKDbGnh6a36Qmvz%2BaqbLQ6ezw%3D%3D","environmentVariables":{"FIREBASE_CONFIG":"{\"projectId\":\"bloom-dating\",\"databaseURL\":\"https://bloom-dating.firebaseio.com\",\"storageBucket\":\"bloom-dating.appspot.com\",\"locationId\":\"us-central\"}"},"runtime":"nodejs14","ingressSettings":"ALLOW_ALL","buildId":"53f2c8e4-ba59-4437-a388-d39d9bbe2756"},"versionId":"24","updateTime":"2021-07-06T12:15:31Z","buildId":"5963cd95-e021-4e7b-a8a9-a73178f20857","buildName":"projects/671960082645/locations/us-central1/builds/5963cd95-e021-4e7b-a8a9-a73178f20857"}}
[debug] [2021-07-06T12:15:40.208Z] [update-projects/bloom-dating/locations/us-central1/functions/getDateNightData] Retrying task index 0
[debug] [2021-07-06T12:15:40.209Z] >>> [apiv2][query] GET https://cloudfunctions.googleapis.com/v1/operations/Ymxvb20tZGF0aW5nL3VzLWNlbnRyYWwxL2dldERhdGVOaWdodERhdGEvVXZqVUtGVWlabFE [none]
[debug] [2021-07-06T12:15:40.489Z] <<< [apiv2][status] GET https://cloudfunctions.googleapis.com/v1/operations/Ymxvb20tZGF0aW5nL3VzLWNlbnRyYWwxL2dldERhdGVOaWdodERhdGEvVXZqVUtGVWlabFE 200
[debug] [2021-07-06T12:15:40.489Z] <<< [apiv2][body] GET https://cloudfunctions.googleapis.com/v1/operations/Ymxvb20tZGF0aW5nL3VzLWNlbnRyYWwxL2dldERhdGVOaWdodERhdGEvVXZqVUtGVWlabFE {"name":"operations/Ymxvb20tZGF0aW5nL3VzLWNlbnRyYWwxL2dldERhdGVOaWdodERhdGEvVXZqVUtGVWlabFE","metadata":{"@type":"type.googleapis.com/google.cloud.functions.v1.OperationMetadataV1","target":"projects/bloom-dating/locations/us-central1/functions/getDateNightData","type":"UPDATE_FUNCTION","request":{"@type":"type.googleapis.com/google.cloud.functions.v1.CloudFunction","name":"projects/bloom-dating/locations/us-central1/functions/getDateNightData","httpsTrigger":{"url":"https://us-central1-bloom-dating.cloudfunctions.net/getDateNightData","securityLevel":"SECURE_OPTIONAL"},"status":"ACTIVE","entryPoint":"getDateNightData","timeout":"60s","availableMemoryMb":256,"serviceAccountEmail":"bloom-dating@appspot.gserviceaccount.com","updateTime":"2021-07-06T09:16:54.667Z","versionId":"23","labels":{"deployment-callable":"true","deployment-tool":"cli-firebase"},"sourceUploadUrl":"https://storage.googleapis.com/gcf-upload-us-central1-89457bef-f564-4011-9c68-058e2394d80f/7eaf09ed-1433-4987-b6d2-a7e8224cce23.zip?GoogleAccessId=service-671960082645@gcf-admin-robot.iam.gserviceaccount.com&Expires=1625575524&Signature=fMSAs%2BiFueatUa5EaptvM4%2BzS5jw5s40%2FNARlPUf4pkOjAE%2BujROFi1kheImN%2F0qpIKuOoH9vf4akMDq%2FEdxNRmObfNMjpQ7%2Fb04245VXEfSuJ8gV%2F6gHdL%2BA%2BzIC9OoYu0ooOQ5qHWrZLQ0qrjHVKN5Ff6hkl07YffeLpkjF%2Bhi7XTox4mZ5FxZs44teiKbqlhDpmKjMYznZNo5SvKC9Zo3l69ecFxWWXmYDoe92WJi0U%2Bp1UpYDyRgbQTBsChNHhoG%2By1aCjopOXdAdoUGrqZqOZ18Urc9Ru%2FDQb7FIZYQpOGvIydPRLHrKqmjEzKDbGnh6a36Qmvz%2BaqbLQ6ezw%3D%3D","environmentVariables":{"FIREBASE_CONFIG":"{\"projectId\":\"bloom-dating\",\"databaseURL\":\"https://bloom-dating.firebaseio.com\",\"storageBucket\":\"bloom-dating.appspot.com\",\"locationId\":\"us-central\"}"},"runtime":"nodejs14","ingressSettings":"ALLOW_ALL","buildId":"53f2c8e4-ba59-4437-a388-d39d9bbe2756"},"versionId":"24","updateTime":"2021-07-06T12:15:31Z","buildId":"5963cd95-e021-4e7b-a8a9-a73178f20857","buildName":"projects/671960082645/locations/us-central1/builds/5963cd95-e021-4e7b-a8a9-a73178f20857"}}
